<?xml version="1.0" encoding="UTF-8"?>
<!-- Generated by org.testng.reporters.JUnitXMLReporter -->
<testsuite hostname="LAPTOP-96V44MJO" name="LoginTest" tests="2" failures="2" timestamp="5 Sep 2019 13:57:06 GMT" time="192.591" errors="0">
  <testcase name="invalidLoginTest_InvalidUserNameInvalidPassword" time="5.744" classname="com.groundlabs.LoginPageTest">
    <failure type="java.lang.NullPointerException">
      <![CDATA[java.lang.NullPointerException
	at com.groundlabs.LoginPage.launchApplication(LoginPage.java:28)
	at com.groundlabs.LoginPageTest.invalidLoginTest_InvalidUserNameInvalidPassword(LoginPageTest.java:18)
... Removed 24 stack frames]]>
    </failure>
  </testcase> <!-- invalidLoginTest_InvalidUserNameInvalidPassword -->
  <testcase name="invalidLoginTest_InvalidUserNameInvalidPassword" time="174.024" classname="com.groundlabs.LoginPageTest">
    <failure type="java.lang.NullPointerException">
      <![CDATA[java.lang.NullPointerException
	at Listeners.TestListener.onTestFailure(TestListener.java:58)
... Removed 21 stack frames]]>
    </failure>
  </testcase> <!-- invalidLoginTest_InvalidUserNameInvalidPassword -->
</testsuite> <!-- LoginTest -->
