<?xml version="1.0" encoding="UTF-8"?>
<!-- Generated by org.testng.reporters.JUnitXMLReporter -->
<testsuite hostname="LAPTOP-96V44MJO" name="Default test" tests="4" failures="0" timestamp="7 Sep 2019 05:19:18 GMT" time="39.024" errors="0">
  <testcase name="DivisionOfTwoNumbers" time="9.496" classname="com.groundlabs.CalculatorTest"/>
  <testcase name="MultiplicationOfTwoNumbers" time="7.862" classname="com.groundlabs.CalculatorTest"/>
  <testcase name="SubtractionOfTwoNumbers" time="7.992" classname="com.groundlabs.CalculatorTest"/>
  <testcase name="additionOfTwoNumbers" time="8.129" classname="com.groundlabs.CalculatorTest"/>
</testsuite> <!-- Default test -->
