<?xml version="1.0" encoding="UTF-8"?>
<testng-results skipped="0" failed="0" total="18" passed="18">
  <reporter-output>
  </reporter-output>
  <suite name="N11 Test Suite" duration-ms="144530" started-at="2019-09-08T01:05:05Z" finished-at="2019-09-08T01:07:29Z">
    <groups>
    </groups>
    <test name="LoginTest" duration-ms="144530" started-at="2019-09-08T01:05:05Z" finished-at="2019-09-08T01:07:29Z">
      <class name="com.groundlabs.CalculatorTest">
        <test-method status="PASS" signature="classLevelSetup()[pri:0, instance:com.groundlabs.CalculatorTest@129a8472]" name="classLevelSetup" is-config="true" duration-ms="2389" started-at="2019-09-08T09:05:53Z" finished-at="2019-09-08T09:05:55Z">
          <reporter-output>
          </reporter-output>
        </test-method> <!-- classLevelSetup -->
        <test-method status="PASS" signature="AdditionofDecimalNumberAndIntegerNum(java.lang.reflect.Method)[pri:0, instance:com.groundlabs.CalculatorTest@129a8472]" name="AdditionofDecimalNumberAndIntegerNum" duration-ms="8843" started-at="2019-09-08T09:05:55Z" description="addition of decimal and integer no." finished-at="2019-09-08T09:06:04Z">
          <params>
            <param index="0">
              <value>
                <![CDATA[public void com.groundlabs.CalculatorTest.AdditionofDecimalNumberAndIntegerNum(java.lang.reflect.Method) throws java.lang.InterruptedException]]>
              </value>
            </param>
          </params>
          <reporter-output>
          </reporter-output>
        </test-method> <!-- AdditionofDecimalNumberAndIntegerNum -->
        <test-method status="PASS" signature="methodLevelSetup()[pri:0, instance:com.groundlabs.CalculatorTest@129a8472]" name="methodLevelSetup" is-config="true" duration-ms="0" started-at="2019-09-08T09:05:55Z" finished-at="2019-09-08T09:05:55Z">
          <reporter-output>
          </reporter-output>
        </test-method> <!-- methodLevelSetup -->
        <test-method status="PASS" signature="methodLevelSetup()[pri:0, instance:com.groundlabs.CalculatorTest@129a8472]" name="methodLevelSetup" is-config="true" duration-ms="0" started-at="2019-09-08T09:06:04Z" finished-at="2019-09-08T09:06:04Z">
          <reporter-output>
          </reporter-output>
        </test-method> <!-- methodLevelSetup -->
        <test-method status="PASS" signature="AdditionofPositiveAndNegativeNum(java.lang.reflect.Method)[pri:0, instance:com.groundlabs.CalculatorTest@129a8472]" name="AdditionofPositiveAndNegativeNum" duration-ms="7783" started-at="2019-09-08T09:06:04Z" description="Addition of one positive and one negative no." finished-at="2019-09-08T09:06:12Z">
          <params>
            <param index="0">
              <value>
                <![CDATA[public void com.groundlabs.CalculatorTest.AdditionofPositiveAndNegativeNum(java.lang.reflect.Method) throws java.lang.InterruptedException]]>
              </value>
            </param>
          </params>
          <reporter-output>
          </reporter-output>
        </test-method> <!-- AdditionofPositiveAndNegativeNum -->
        <test-method status="PASS" signature="methodLevelSetup()[pri:0, instance:com.groundlabs.CalculatorTest@129a8472]" name="methodLevelSetup" is-config="true" duration-ms="1" started-at="2019-09-08T09:06:12Z" finished-at="2019-09-08T09:06:12Z">
          <reporter-output>
          </reporter-output>
        </test-method> <!-- methodLevelSetup -->
        <test-method status="PASS" signature="AdditionofTwoNegativeNumbers(java.lang.reflect.Method)[pri:0, instance:com.groundlabs.CalculatorTest@129a8472]" name="AdditionofTwoNegativeNumbers" duration-ms="7741" started-at="2019-09-08T09:06:12Z" description="Division of one positive and one negative no." finished-at="2019-09-08T09:06:20Z">
          <params>
            <param index="0">
              <value>
                <![CDATA[public void com.groundlabs.CalculatorTest.AdditionofTwoNegativeNumbers(java.lang.reflect.Method) throws java.lang.InterruptedException]]>
              </value>
            </param>
          </params>
          <reporter-output>
          </reporter-output>
        </test-method> <!-- AdditionofTwoNegativeNumbers -->
        <test-method status="PASS" signature="DivisionOfTwoNumbers(java.lang.reflect.Method)[pri:0, instance:com.groundlabs.CalculatorTest@129a8472]" name="DivisionOfTwoNumbers" duration-ms="7697" started-at="2019-09-08T09:06:20Z" description="Division of two nos." finished-at="2019-09-08T09:06:27Z">
          <params>
            <param index="0">
              <value>
                <![CDATA[public void com.groundlabs.CalculatorTest.DivisionOfTwoNumbers(java.lang.reflect.Method) throws java.lang.InterruptedException]]>
              </value>
            </param>
          </params>
          <reporter-output>
          </reporter-output>
        </test-method> <!-- DivisionOfTwoNumbers -->
        <test-method status="PASS" signature="methodLevelSetup()[pri:0, instance:com.groundlabs.CalculatorTest@129a8472]" name="methodLevelSetup" is-config="true" duration-ms="0" started-at="2019-09-08T09:06:20Z" finished-at="2019-09-08T09:06:20Z">
          <reporter-output>
          </reporter-output>
        </test-method> <!-- methodLevelSetup -->
        <test-method status="PASS" signature="methodLevelSetup()[pri:0, instance:com.groundlabs.CalculatorTest@129a8472]" name="methodLevelSetup" is-config="true" duration-ms="1" started-at="2019-09-08T09:06:27Z" finished-at="2019-09-08T09:06:27Z">
          <reporter-output>
          </reporter-output>
        </test-method> <!-- methodLevelSetup -->
        <test-method status="PASS" signature="DivisionofPositiveAndNegativeNum(java.lang.reflect.Method)[pri:0, instance:com.groundlabs.CalculatorTest@129a8472]" name="DivisionofPositiveAndNegativeNum" duration-ms="7731" started-at="2019-09-08T09:06:27Z" description="Division of one positive and one negative no." finished-at="2019-09-08T09:06:35Z">
          <params>
            <param index="0">
              <value>
                <![CDATA[public void com.groundlabs.CalculatorTest.DivisionofPositiveAndNegativeNum(java.lang.reflect.Method) throws java.lang.InterruptedException]]>
              </value>
            </param>
          </params>
          <reporter-output>
          </reporter-output>
        </test-method> <!-- DivisionofPositiveAndNegativeNum -->
        <test-method status="PASS" signature="methodLevelSetup()[pri:0, instance:com.groundlabs.CalculatorTest@129a8472]" name="methodLevelSetup" is-config="true" duration-ms="0" started-at="2019-09-08T09:06:35Z" finished-at="2019-09-08T09:06:35Z">
          <reporter-output>
          </reporter-output>
        </test-method> <!-- methodLevelSetup -->
        <test-method status="PASS" signature="MultiplicationOfTwoNumbers(java.lang.reflect.Method)[pri:0, instance:com.groundlabs.CalculatorTest@129a8472]" name="MultiplicationOfTwoNumbers" duration-ms="7648" started-at="2019-09-08T09:06:35Z" description="Multiplication of two nos." finished-at="2019-09-08T09:06:43Z">
          <params>
            <param index="0">
              <value>
                <![CDATA[public void com.groundlabs.CalculatorTest.MultiplicationOfTwoNumbers(java.lang.reflect.Method) throws java.lang.InterruptedException]]>
              </value>
            </param>
          </params>
          <reporter-output>
          </reporter-output>
        </test-method> <!-- MultiplicationOfTwoNumbers -->
        <test-method status="PASS" signature="methodLevelSetup()[pri:0, instance:com.groundlabs.CalculatorTest@129a8472]" name="methodLevelSetup" is-config="true" duration-ms="0" started-at="2019-09-08T09:06:43Z" finished-at="2019-09-08T09:06:43Z">
          <reporter-output>
          </reporter-output>
        </test-method> <!-- methodLevelSetup -->
        <test-method status="PASS" signature="MultiplicationofPositiveAndNegativeNum(java.lang.reflect.Method)[pri:0, instance:com.groundlabs.CalculatorTest@129a8472]" name="MultiplicationofPositiveAndNegativeNum" duration-ms="7722" started-at="2019-09-08T09:06:43Z" description="Multiplication of one positive and one negative no." finished-at="2019-09-08T09:06:51Z">
          <params>
            <param index="0">
              <value>
                <![CDATA[public void com.groundlabs.CalculatorTest.MultiplicationofPositiveAndNegativeNum(java.lang.reflect.Method) throws java.lang.InterruptedException]]>
              </value>
            </param>
          </params>
          <reporter-output>
          </reporter-output>
        </test-method> <!-- MultiplicationofPositiveAndNegativeNum -->
        <test-method status="PASS" signature="methodLevelSetup()[pri:0, instance:com.groundlabs.CalculatorTest@129a8472]" name="methodLevelSetup" is-config="true" duration-ms="0" started-at="2019-09-08T09:06:51Z" finished-at="2019-09-08T09:06:51Z">
          <reporter-output>
          </reporter-output>
        </test-method> <!-- methodLevelSetup -->
        <test-method status="PASS" signature="SubtractionOfDecimalNumberAndIntegerNum(java.lang.reflect.Method)[pri:0, instance:com.groundlabs.CalculatorTest@129a8472]" name="SubtractionOfDecimalNumberAndIntegerNum" duration-ms="7727" started-at="2019-09-08T09:06:51Z" description="Subtraction of decimal and integer no." finished-at="2019-09-08T09:06:58Z">
          <params>
            <param index="0">
              <value>
                <![CDATA[public void com.groundlabs.CalculatorTest.SubtractionOfDecimalNumberAndIntegerNum(java.lang.reflect.Method) throws java.lang.InterruptedException]]>
              </value>
            </param>
          </params>
          <reporter-output>
          </reporter-output>
        </test-method> <!-- SubtractionOfDecimalNumberAndIntegerNum -->
        <test-method status="PASS" signature="methodLevelSetup()[pri:0, instance:com.groundlabs.CalculatorTest@129a8472]" name="methodLevelSetup" is-config="true" duration-ms="0" started-at="2019-09-08T09:06:58Z" finished-at="2019-09-08T09:06:58Z">
          <reporter-output>
          </reporter-output>
        </test-method> <!-- methodLevelSetup -->
        <test-method status="PASS" signature="SubtractionOfTwoNumbers(java.lang.reflect.Method)[pri:0, instance:com.groundlabs.CalculatorTest@129a8472]" name="SubtractionOfTwoNumbers" duration-ms="7634" started-at="2019-09-08T09:06:58Z" description="Subtraction of two nos." finished-at="2019-09-08T09:07:06Z">
          <params>
            <param index="0">
              <value>
                <![CDATA[public void com.groundlabs.CalculatorTest.SubtractionOfTwoNumbers(java.lang.reflect.Method) throws java.lang.InterruptedException]]>
              </value>
            </param>
          </params>
          <reporter-output>
          </reporter-output>
        </test-method> <!-- SubtractionOfTwoNumbers -->
        <test-method status="PASS" signature="methodLevelSetup()[pri:0, instance:com.groundlabs.CalculatorTest@129a8472]" name="methodLevelSetup" is-config="true" duration-ms="1" started-at="2019-09-08T09:07:06Z" finished-at="2019-09-08T09:07:06Z">
          <reporter-output>
          </reporter-output>
        </test-method> <!-- methodLevelSetup -->
        <test-method status="PASS" signature="SubtractionofPositiveAndNegativeNum(java.lang.reflect.Method)[pri:0, instance:com.groundlabs.CalculatorTest@129a8472]" name="SubtractionofPositiveAndNegativeNum" duration-ms="7601" started-at="2019-09-08T09:07:06Z" description="Subtraction of one positive and one negative no." finished-at="2019-09-08T09:07:13Z">
          <params>
            <param index="0">
              <value>
                <![CDATA[public void com.groundlabs.CalculatorTest.SubtractionofPositiveAndNegativeNum(java.lang.reflect.Method) throws java.lang.InterruptedException]]>
              </value>
            </param>
          </params>
          <reporter-output>
          </reporter-output>
        </test-method> <!-- SubtractionofPositiveAndNegativeNum -->
        <test-method status="PASS" signature="SubtractionofTwoNegativeNumbers(java.lang.reflect.Method)[pri:0, instance:com.groundlabs.CalculatorTest@129a8472]" name="SubtractionofTwoNegativeNumbers" duration-ms="7609" started-at="2019-09-08T09:07:13Z" description="Division of one positive and one negative no." finished-at="2019-09-08T09:07:21Z">
          <params>
            <param index="0">
              <value>
                <![CDATA[public void com.groundlabs.CalculatorTest.SubtractionofTwoNegativeNumbers(java.lang.reflect.Method) throws java.lang.InterruptedException]]>
              </value>
            </param>
          </params>
          <reporter-output>
          </reporter-output>
        </test-method> <!-- SubtractionofTwoNegativeNumbers -->
        <test-method status="PASS" signature="methodLevelSetup()[pri:0, instance:com.groundlabs.CalculatorTest@129a8472]" name="methodLevelSetup" is-config="true" duration-ms="0" started-at="2019-09-08T09:07:13Z" finished-at="2019-09-08T09:07:13Z">
          <reporter-output>
          </reporter-output>
        </test-method> <!-- methodLevelSetup -->
        <test-method status="PASS" signature="methodLevelSetup()[pri:0, instance:com.groundlabs.CalculatorTest@129a8472]" name="methodLevelSetup" is-config="true" duration-ms="0" started-at="2019-09-08T09:07:21Z" finished-at="2019-09-08T09:07:21Z">
          <reporter-output>
          </reporter-output>
        </test-method> <!-- methodLevelSetup -->
        <test-method status="PASS" signature="additionOfTwoNumbers(java.lang.reflect.Method)[pri:0, instance:com.groundlabs.CalculatorTest@129a8472]" name="additionOfTwoNumbers" duration-ms="7536" started-at="2019-09-08T09:07:21Z" description="Addition of two nos." finished-at="2019-09-08T09:07:29Z">
          <params>
            <param index="0">
              <value>
                <![CDATA[public void com.groundlabs.CalculatorTest.additionOfTwoNumbers(java.lang.reflect.Method) throws java.lang.InterruptedException]]>
              </value>
            </param>
          </params>
          <reporter-output>
          </reporter-output>
        </test-method> <!-- additionOfTwoNumbers -->
        <test-method status="PASS" signature="teardown()[pri:0, instance:com.groundlabs.CalculatorTest@129a8472]" name="teardown" is-config="true" duration-ms="760" started-at="2019-09-08T09:07:29Z" finished-at="2019-09-08T09:07:29Z">
          <reporter-output>
          </reporter-output>
        </test-method> <!-- teardown -->
      </class> <!-- com.groundlabs.CalculatorTest -->
      <class name="com.groundlabs.LoginPageTest">
        <test-method status="PASS" signature="classLevelSetup()[pri:0, instance:com.groundlabs.LoginPageTest@d041cf]" name="classLevelSetup" is-config="true" duration-ms="18271" started-at="2019-09-08T09:05:05Z" finished-at="2019-09-08T09:05:23Z">
          <reporter-output>
          </reporter-output>
        </test-method> <!-- classLevelSetup -->
        <test-method status="PASS" signature="methodLevelSetup()[pri:0, instance:com.groundlabs.LoginPageTest@d041cf]" name="methodLevelSetup" is-config="true" duration-ms="1128" started-at="2019-09-08T09:05:23Z" finished-at="2019-09-08T09:05:24Z">
          <reporter-output>
          </reporter-output>
        </test-method> <!-- methodLevelSetup -->
        <test-method status="PASS" signature="LoginWithInvalidUsernameAndPassword(java.lang.reflect.Method)[pri:0, instance:com.groundlabs.LoginPageTest@d041cf]" name="LoginWithInvalidUsernameAndPassword" duration-ms="7768" started-at="2019-09-08T09:05:24Z" description="Invalid Login Scenario with wrong username and password." finished-at="2019-09-08T09:05:32Z">
          <params>
            <param index="0">
              <value>
                <![CDATA[public void com.groundlabs.LoginPageTest.LoginWithInvalidUsernameAndPassword(java.lang.reflect.Method) throws java.lang.InterruptedException]]>
              </value>
            </param>
          </params>
          <reporter-output>
          </reporter-output>
        </test-method> <!-- LoginWithInvalidUsernameAndPassword -->
        <test-method status="PASS" signature="methodLevelSetup()[pri:0, instance:com.groundlabs.LoginPageTest@d041cf]" name="methodLevelSetup" is-config="true" duration-ms="1" started-at="2019-09-08T09:05:32Z" finished-at="2019-09-08T09:05:32Z">
          <reporter-output>
          </reporter-output>
        </test-method> <!-- methodLevelSetup -->
        <test-method status="PASS" signature="LoginWithValidUsernameAndPassword(java.lang.reflect.Method)[pri:0, instance:com.groundlabs.LoginPageTest@d041cf]" name="LoginWithValidUsernameAndPassword" duration-ms="2310" started-at="2019-09-08T09:05:32Z" description="Valid Login Scenario with correct username and correct password." finished-at="2019-09-08T09:05:34Z">
          <params>
            <param index="0">
              <value>
                <![CDATA[public void com.groundlabs.LoginPageTest.LoginWithValidUsernameAndPassword(java.lang.reflect.Method) throws java.lang.InterruptedException]]>
              </value>
            </param>
          </params>
          <reporter-output>
          </reporter-output>
        </test-method> <!-- LoginWithValidUsernameAndPassword -->
        <test-method status="PASS" signature="LoginWithValidUsernameAndWrongPassword(java.lang.reflect.Method)[pri:1, instance:com.groundlabs.LoginPageTest@d041cf]" name="LoginWithValidUsernameAndWrongPassword" duration-ms="4302" started-at="2019-09-08T09:05:34Z" description="Invalid Login Scenario with correct username and wrong password." finished-at="2019-09-08T09:05:39Z">
          <params>
            <param index="0">
              <value>
                <![CDATA[public void com.groundlabs.LoginPageTest.LoginWithValidUsernameAndWrongPassword(java.lang.reflect.Method) throws java.lang.InterruptedException]]>
              </value>
            </param>
          </params>
          <reporter-output>
          </reporter-output>
        </test-method> <!-- LoginWithValidUsernameAndWrongPassword -->
        <test-method status="PASS" signature="methodLevelSetup()[pri:0, instance:com.groundlabs.LoginPageTest@d041cf]" name="methodLevelSetup" is-config="true" duration-ms="0" started-at="2019-09-08T09:05:34Z" finished-at="2019-09-08T09:05:34Z">
          <reporter-output>
          </reporter-output>
        </test-method> <!-- methodLevelSetup -->
        <test-method status="PASS" signature="methodLevelSetup()[pri:0, instance:com.groundlabs.LoginPageTest@d041cf]" name="methodLevelSetup" is-config="true" duration-ms="0" started-at="2019-09-08T09:05:39Z" finished-at="2019-09-08T09:05:39Z">
          <reporter-output>
          </reporter-output>
        </test-method> <!-- methodLevelSetup -->
        <test-method status="PASS" signature="LoginWithInValidUsernameAndCorrectPassword(java.lang.reflect.Method)[pri:2, instance:com.groundlabs.LoginPageTest@d041cf]" name="LoginWithInValidUsernameAndCorrectPassword" duration-ms="4302" started-at="2019-09-08T09:05:39Z" description="Invalid Login Scenario with incorrect username and correct password." finished-at="2019-09-08T09:05:43Z">
          <params>
            <param index="0">
              <value>
                <![CDATA[public void com.groundlabs.LoginPageTest.LoginWithInValidUsernameAndCorrectPassword(java.lang.reflect.Method) throws java.lang.InterruptedException]]>
              </value>
            </param>
          </params>
          <reporter-output>
          </reporter-output>
        </test-method> <!-- LoginWithInValidUsernameAndCorrectPassword -->
        <test-method status="PASS" signature="methodLevelSetup()[pri:0, instance:com.groundlabs.LoginPageTest@d041cf]" name="methodLevelSetup" is-config="true" duration-ms="1" started-at="2019-09-08T09:05:43Z" finished-at="2019-09-08T09:05:43Z">
          <reporter-output>
          </reporter-output>
        </test-method> <!-- methodLevelSetup -->
        <test-method status="PASS" signature="LoginWithEmptyUsernameAndPassword(java.lang.reflect.Method)[pri:4, instance:com.groundlabs.LoginPageTest@d041cf]" name="LoginWithEmptyUsernameAndPassword" duration-ms="4287" started-at="2019-09-08T09:05:43Z" description="Valid Login Scenario with empty username and password." finished-at="2019-09-08T09:05:47Z">
          <params>
            <param index="0">
              <value>
                <![CDATA[public void com.groundlabs.LoginPageTest.LoginWithEmptyUsernameAndPassword(java.lang.reflect.Method) throws java.lang.InterruptedException]]>
              </value>
            </param>
          </params>
          <reporter-output>
          </reporter-output>
        </test-method> <!-- LoginWithEmptyUsernameAndPassword -->
        <test-method status="PASS" signature="methodLevelSetup()[pri:0, instance:com.groundlabs.LoginPageTest@d041cf]" name="methodLevelSetup" is-config="true" duration-ms="1" started-at="2019-09-08T09:05:47Z" finished-at="2019-09-08T09:05:47Z">
          <reporter-output>
          </reporter-output>
        </test-method> <!-- methodLevelSetup -->
        <test-method status="PASS" signature="LoginWithInValidUsername(java.lang.reflect.Method)[pri:5, instance:com.groundlabs.LoginPageTest@d041cf]" name="LoginWithInValidUsername" duration-ms="4405" started-at="2019-09-08T09:05:47Z" description="Invalid Login Scenario with incorrect username containing special char" finished-at="2019-09-08T09:05:52Z">
          <params>
            <param index="0">
              <value>
                <![CDATA[public void com.groundlabs.LoginPageTest.LoginWithInValidUsername(java.lang.reflect.Method) throws java.lang.InterruptedException]]>
              </value>
            </param>
          </params>
          <reporter-output>
          </reporter-output>
        </test-method> <!-- LoginWithInValidUsername -->
        <test-method status="PASS" signature="teardown()[pri:0, instance:com.groundlabs.LoginPageTest@d041cf]" name="teardown" is-config="true" duration-ms="1235" started-at="2019-09-08T09:05:52Z" finished-at="2019-09-08T09:05:53Z">
          <reporter-output>
          </reporter-output>
        </test-method> <!-- teardown -->
      </class> <!-- com.groundlabs.LoginPageTest -->
    </test> <!-- LoginTest -->
  </suite> <!-- N11 Test Suite -->
</testng-results>
