<?xml version="1.0" encoding="UTF-8"?>
<!-- Generated by org.testng.reporters.JUnitXMLReporter -->
<testsuite hostname="LAPTOP-96V44MJO" name="LoginTest" tests="18" failures="0" timestamp="8 Sep 2019 01:07:29 GMT" time="144.53" errors="0">
  <testcase name="LoginWithInvalidUsernameAndPassword" time="7.768" classname="com.groundlabs.LoginPageTest"/>
  <testcase name="LoginWithValidUsernameAndPassword" time="2.31" classname="com.groundlabs.LoginPageTest"/>
  <testcase name="LoginWithValidUsernameAndWrongPassword" time="4.302" classname="com.groundlabs.LoginPageTest"/>
  <testcase name="LoginWithInValidUsernameAndCorrectPassword" time="4.302" classname="com.groundlabs.LoginPageTest"/>
  <testcase name="LoginWithEmptyUsernameAndPassword" time="4.287" classname="com.groundlabs.LoginPageTest"/>
  <testcase name="LoginWithInValidUsername" time="4.405" classname="com.groundlabs.LoginPageTest"/>
  <testcase name="AdditionofDecimalNumberAndIntegerNum" time="8.843" classname="com.groundlabs.CalculatorTest"/>
  <testcase name="AdditionofPositiveAndNegativeNum" time="7.783" classname="com.groundlabs.CalculatorTest"/>
  <testcase name="AdditionofTwoNegativeNumbers" time="7.741" classname="com.groundlabs.CalculatorTest"/>
  <testcase name="DivisionOfTwoNumbers" time="7.697" classname="com.groundlabs.CalculatorTest"/>
  <testcase name="DivisionofPositiveAndNegativeNum" time="7.731" classname="com.groundlabs.CalculatorTest"/>
  <testcase name="MultiplicationOfTwoNumbers" time="7.648" classname="com.groundlabs.CalculatorTest"/>
  <testcase name="MultiplicationofPositiveAndNegativeNum" time="7.722" classname="com.groundlabs.CalculatorTest"/>
  <testcase name="SubtractionOfDecimalNumberAndIntegerNum" time="7.727" classname="com.groundlabs.CalculatorTest"/>
  <testcase name="SubtractionOfTwoNumbers" time="7.634" classname="com.groundlabs.CalculatorTest"/>
  <testcase name="SubtractionofPositiveAndNegativeNum" time="7.601" classname="com.groundlabs.CalculatorTest"/>
  <testcase name="SubtractionofTwoNegativeNumbers" time="7.609" classname="com.groundlabs.CalculatorTest"/>
  <testcase name="additionOfTwoNumbers" time="7.536" classname="com.groundlabs.CalculatorTest"/>
</testsuite> <!-- LoginTest -->
