<?xml version="1.0" encoding="UTF-8"?>
<!-- Generated by org.testng.reporters.JUnitXMLReporter -->
<testsuite hostname="LAPTOP-96V44MJO" ignored="0" name="LoginTest" tests="2" failures="2" timestamp="05 Sep 2019 14:33:54 GMT" time="9.47" errors="0">
  <testcase name="invalidLoginTest_InvalidUserNameInvalidPassword" time="0.004" classname="com.groundlabs.LoginPageTest">
    <failure type="java.lang.NullPointerException">
      <![CDATA[java.lang.NullPointerException
at com.groundlabs.LoginPage.launchApplication(LoginPage.java:28)
at com.groundlabs.LoginPageTest.invalidLoginTest_InvalidUserNameInvalidPassword(LoginPageTest.java:18)
... Removed 28 stack frames]]>
    </failure>
  </testcase> <!-- invalidLoginTest_InvalidUserNameInvalidPassword -->
  <testcase name="invalidLoginTest_InvalidUserNameInvalidPassword" time="1.999" classname="com.groundlabs.LoginPageTest">
    <failure type="java.lang.NullPointerException">
      <![CDATA[java.lang.NullPointerException
at util.listeners.TestListener.onTestFailure(TestListener.java:55)
... Removed 25 stack frames]]>
    </failure>
  </testcase> <!-- invalidLoginTest_InvalidUserNameInvalidPassword -->
</testsuite> <!-- LoginTest -->
